09:28:57: Creating resource group General
09:28:57: Creating resource group Internal
09:28:57: Creating resource group Autodetect
09:28:57: Registering ResourceManager for type Mesh
09:28:57: Registering ResourceManager for type Material
09:28:57: Registering ResourceManager for type Skeleton
09:28:58: XMLMeshSerializer reading mesh data from C++/DrivingSimulator/Resources/Models/Mountains/MountainMap.mesh.xml...
09:29:00: Reading submeshes...
09:29:00: Reading geometry...
09:29:00: Geometry done...
09:29:00: Reading geometry...
09:29:00: Geometry done...
09:29:00: Reading geometry...
09:29:00: Geometry done...
09:29:00: Reading geometry...
09:29:00: Geometry done...
09:29:00: Reading geometry...
09:29:00: Geometry done...
09:29:00: Reading geometry...
09:29:00: Geometry done...
09:29:00: Reading geometry...
09:29:00: Geometry done...
09:29:00: Reading geometry...
09:29:00: Geometry done...
09:29:00: Reading geometry...
09:29:00: Geometry done...
09:29:00: Reading geometry...
09:29:00: Geometry done...
09:29:00: Reading geometry...
09:29:00: Geometry done...
09:29:00: Reading geometry...
09:29:00: Geometry done...
09:29:00: Reading geometry...
09:29:00: Geometry done...
09:29:00: Reading geometry...
09:29:00: Geometry done...
09:29:00: Reading geometry...
09:29:00: Geometry done...
09:29:00: Reading geometry...
09:29:00: Geometry done...
09:29:00: Reading geometry...
09:29:00: Geometry done...
09:29:00: Reading geometry...
09:29:00: Geometry done...
09:29:00: Reading geometry...
09:29:00: Geometry done...
09:29:00: Reading geometry...
09:29:00: Geometry done...
09:29:00: Reading geometry...
09:29:00: Geometry done...
09:29:00: Reading geometry...
09:29:00: Geometry done...
09:29:00: Reading geometry...
09:29:00: Geometry done...
09:29:00: Reading geometry...
09:29:00: Geometry done...
09:29:00: Reading geometry...
09:29:00: Geometry done...
09:29:00: Reading geometry...
09:29:00: Geometry done...
09:29:00: Reading geometry...
09:29:00: Geometry done...
09:29:00: Reading geometry...
09:29:00: Geometry done...
09:29:00: Reading geometry...
09:29:00: Geometry done...
09:29:00: Reading geometry...
09:29:00: Geometry done...
09:29:00: Reading geometry...
09:29:00: Geometry done...
09:29:01: Reading geometry...
09:29:01: Geometry done...
09:29:01: Reading geometry...
09:29:01: Geometry done...
09:29:01: Reading geometry...
09:29:02: Geometry done...
09:29:02: Submeshes done.
09:29:02: Reading mesh names...
09:29:02: Mesh names done.
09:29:02: XMLMeshSerializer import successful.
09:29:02: Reorganising vertex buffers to automatic layout..
09:29:02: MeshSerializer writing mesh data to C++/DrivingSimulator/Resources/Models/Mountains/MountainMap.mesh...
09:29:02: File header written.
09:29:02: Writing mesh data...
09:29:02: Writing submesh...
09:29:02: Exporting submesh texture aliases...
09:29:02: Submesh texture aliases exported.
09:29:02: Submesh exported.
09:29:02: Writing submesh...
09:29:02: Exporting submesh texture aliases...
09:29:02: Submesh texture aliases exported.
09:29:02: Submesh exported.
09:29:02: Writing submesh...
09:29:02: Exporting submesh texture aliases...
09:29:02: Submesh texture aliases exported.
09:29:02: Submesh exported.
09:29:02: Writing submesh...
09:29:02: Exporting submesh texture aliases...
09:29:02: Submesh texture aliases exported.
09:29:02: Submesh exported.
09:29:02: Writing submesh...
09:29:02: Exporting submesh texture aliases...
09:29:02: Submesh texture aliases exported.
09:29:02: Submesh exported.
09:29:02: Writing submesh...
09:29:02: Exporting submesh texture aliases...
09:29:02: Submesh texture aliases exported.
09:29:02: Submesh exported.
09:29:02: Writing submesh...
09:29:02: Exporting submesh texture aliases...
09:29:02: Submesh texture aliases exported.
09:29:02: Submesh exported.
09:29:02: Writing submesh...
09:29:02: Exporting submesh texture aliases...
09:29:02: Submesh texture aliases exported.
09:29:02: Submesh exported.
09:29:02: Writing submesh...
09:29:02: Exporting submesh texture aliases...
09:29:02: Submesh texture aliases exported.
09:29:02: Submesh exported.
09:29:02: Writing submesh...
09:29:02: Exporting submesh texture aliases...
09:29:02: Submesh texture aliases exported.
09:29:02: Submesh exported.
09:29:02: Writing submesh...
09:29:02: Exporting submesh texture aliases...
09:29:02: Submesh texture aliases exported.
09:29:02: Submesh exported.
09:29:02: Writing submesh...
09:29:02: Exporting submesh texture aliases...
09:29:02: Submesh texture aliases exported.
09:29:02: Submesh exported.
09:29:02: Writing submesh...
09:29:02: Exporting submesh texture aliases...
09:29:02: Submesh texture aliases exported.
09:29:02: Submesh exported.
09:29:02: Writing submesh...
09:29:02: Exporting submesh texture aliases...
09:29:02: Submesh texture aliases exported.
09:29:02: Submesh exported.
09:29:02: Writing submesh...
09:29:02: Exporting submesh texture aliases...
09:29:02: Submesh texture aliases exported.
09:29:02: Submesh exported.
09:29:02: Writing submesh...
09:29:02: Exporting submesh texture aliases...
09:29:02: Submesh texture aliases exported.
09:29:02: Submesh exported.
09:29:02: Writing submesh...
09:29:02: Exporting submesh texture aliases...
09:29:02: Submesh texture aliases exported.
09:29:02: Submesh exported.
09:29:02: Writing submesh...
09:29:02: Exporting submesh texture aliases...
09:29:02: Submesh texture aliases exported.
09:29:02: Submesh exported.
09:29:02: Writing submesh...
09:29:02: Exporting submesh texture aliases...
09:29:02: Submesh texture aliases exported.
09:29:02: Submesh exported.
09:29:02: Writing submesh...
09:29:02: Exporting submesh texture aliases...
09:29:02: Submesh texture aliases exported.
09:29:02: Submesh exported.
09:29:02: Writing submesh...
09:29:02: Exporting submesh texture aliases...
09:29:02: Submesh texture aliases exported.
09:29:02: Submesh exported.
09:29:02: Writing submesh...
09:29:02: Exporting submesh texture aliases...
09:29:02: Submesh texture aliases exported.
09:29:02: Submesh exported.
09:29:02: Writing submesh...
09:29:02: Exporting submesh texture aliases...
09:29:02: Submesh texture aliases exported.
09:29:02: Submesh exported.
09:29:02: Writing submesh...
09:29:02: Exporting submesh texture aliases...
09:29:02: Submesh texture aliases exported.
09:29:02: Submesh exported.
09:29:02: Writing submesh...
09:29:02: Exporting submesh texture aliases...
09:29:02: Submesh texture aliases exported.
09:29:02: Submesh exported.
09:29:02: Writing submesh...
09:29:02: Exporting submesh texture aliases...
09:29:02: Submesh texture aliases exported.
09:29:02: Submesh exported.
09:29:02: Writing submesh...
09:29:02: Exporting submesh texture aliases...
09:29:02: Submesh texture aliases exported.
09:29:02: Submesh exported.
09:29:02: Writing submesh...
09:29:02: Exporting submesh texture aliases...
09:29:02: Submesh texture aliases exported.
09:29:02: Submesh exported.
09:29:02: Writing submesh...
09:29:02: Exporting submesh texture aliases...
09:29:02: Submesh texture aliases exported.
09:29:02: Submesh exported.
09:29:02: Writing submesh...
09:29:02: Exporting submesh texture aliases...
09:29:02: Submesh texture aliases exported.
09:29:02: Submesh exported.
09:29:02: Writing submesh...
09:29:02: Exporting submesh texture aliases...
09:29:02: Submesh texture aliases exported.
09:29:02: Submesh exported.
09:29:02: Writing submesh...
09:29:02: Exporting submesh texture aliases...
09:29:02: Submesh texture aliases exported.
09:29:02: Submesh exported.
09:29:02: Writing submesh...
09:29:02: Exporting submesh texture aliases...
09:29:02: Submesh texture aliases exported.
09:29:02: Submesh exported.
09:29:02: Writing submesh...
09:29:02: Exporting submesh texture aliases...
09:29:02: Submesh texture aliases exported.
09:29:02: Submesh exported.
09:29:02: Exporting bounds information....
09:29:02: Bounds information exported.
09:29:02: Exporting submesh name table...
09:29:02: Submesh name table exported.
09:29:02: Exporting edge lists...
09:29:02: Edge lists exported
09:29:02: Mesh data exported.
09:29:02: MeshSerializer export successful.
09:29:02: Unregistering ResourceManager for type Skeleton
09:29:02: Unregistering ResourceManager for type Material
09:29:02: Unregistering ResourceManager for type Mesh
