\\VMWARE-HOST\SHARED FOLDERS\SANDRO\ZHAW\PA2011\C++\UDPTRACE\BUILD\WINDOWS\DEBUG\MAIN.OBJ
\\VMWARE-HOST\SHARED FOLDERS\SANDRO\ZHAW\PA2011\C++\UDPTRACE\BUILD\WINDOWS\DEBUG\UDPTRACE.PDB
\\VMWARE-HOST\SHARED FOLDERS\SANDRO\ZHAW\PA2011\C++\UDPTRACE\BUILD\WINDOWS\DEBUG\VC100.PDB
Z:\sandro\ZHAW\PA2011\C++\UdpTrace\Build\Windows\Debug\cl.command.1.tlog
Z:\sandro\ZHAW\PA2011\C++\UdpTrace\Build\Windows\Debug\CL.read.1.tlog
Z:\sandro\ZHAW\PA2011\C++\UdpTrace\Build\Windows\Debug\CL.write.1.tlog
Z:\sandro\ZHAW\PA2011\C++\UdpTrace\Build\Windows\Debug\link.3424.read.1.tlog
Z:\sandro\ZHAW\PA2011\C++\UdpTrace\Build\Windows\Debug\link.3424.write.1.tlog
Z:\sandro\ZHAW\PA2011\C++\UdpTrace\Build\Windows\Debug\link.3424-cvtres.read.1.tlog
Z:\sandro\ZHAW\PA2011\C++\UdpTrace\Build\Windows\Debug\link.3424-cvtres.write.1.tlog
Z:\sandro\ZHAW\PA2011\C++\UdpTrace\Build\Windows\Debug\link.3584.read.1.tlog
Z:\sandro\ZHAW\PA2011\C++\UdpTrace\Build\Windows\Debug\link.3584.write.1.tlog
Z:\sandro\ZHAW\PA2011\C++\UdpTrace\Build\Windows\Debug\link.3584-cvtres.read.1.tlog
Z:\sandro\ZHAW\PA2011\C++\UdpTrace\Build\Windows\Debug\link.3584-cvtres.write.1.tlog
Z:\sandro\ZHAW\PA2011\C++\UdpTrace\Build\Windows\Debug\link.command.1.tlog
Z:\sandro\ZHAW\PA2011\C++\UdpTrace\Build\Windows\Debug\link.read.1.tlog
Z:\sandro\ZHAW\PA2011\C++\UdpTrace\Build\Windows\Debug\link.write.1.tlog
Z:\sandro\ZHAW\PA2011\C++\UdpTrace\Build\Windows\Debug\link-cvtres.read.1.tlog
Z:\sandro\ZHAW\PA2011\C++\UdpTrace\Build\Windows\Debug\link-cvtres.write.1.tlog
Z:\SANDRO\ZHAW\PA2011\C++\UDPTRACE\BUILD\WINDOWS\DEBUG\MAIN.OBJ
Z:\sandro\ZHAW\PA2011\C++\UdpTrace\Build\Windows\Debug\mt.command.1.tlog
Z:\sandro\ZHAW\PA2011\C++\UdpTrace\Build\Windows\Debug\mt.read.1.tlog
Z:\sandro\ZHAW\PA2011\C++\UdpTrace\Build\Windows\Debug\mt.write.1.tlog
Z:\sandro\ZHAW\PA2011\C++\UdpTrace\Build\Windows\Debug\rc.command.1.tlog
Z:\sandro\ZHAW\PA2011\C++\UdpTrace\Build\Windows\Debug\rc.read.1.tlog
Z:\sandro\ZHAW\PA2011\C++\UdpTrace\Build\Windows\Debug\rc.write.1.tlog
Z:\sandro\ZHAW\PA2011\C++\UdpTrace\Build\Windows\Debug\UdpTrace.exe
Z:\sandro\ZHAW\PA2011\C++\UdpTrace\Build\Windows\Debug\UdpTrace.exe.embed.manifest
Z:\sandro\ZHAW\PA2011\C++\UdpTrace\Build\Windows\Debug\UdpTrace.exe.embed.manifest.res
Z:\sandro\ZHAW\PA2011\C++\UdpTrace\Build\Windows\Debug\UdpTrace.exe.intermediate.manifest
Z:\sandro\ZHAW\PA2011\C++\UdpTrace\Build\Windows\Debug\UdpTrace.ilk
Z:\SANDRO\ZHAW\PA2011\C++\UDPTRACE\BUILD\WINDOWS\DEBUG\UDPTRACE.PDB
Z:\sandro\ZHAW\PA2011\C++\UdpTrace\Build\Windows\Debug\UdpTrace_manifest.rc
Z:\SANDRO\ZHAW\PA2011\C++\UDPTRACE\BUILD\WINDOWS\DEBUG\UTIL.OBJ
Z:\sandro\ZHAW\PA2011\C++\UdpTrace\Build\Windows\Debug\vc100.idb
Z:\SANDRO\ZHAW\PA2011\C++\UDPTRACE\BUILD\WINDOWS\DEBUG\VC100.PDB
