Der Buildvorgang wurde am 12.10.2011 15:34:11 gestartet.
Projekt "Z:\sandro\ZHAW\PA2011\C++\VideoPlayer\Build\Windows\VideoPlayer.vcxproj" auf Knoten "2", build Ziel(e).
InitializeBuildStatus:
  "Release\VideoPlayer.unsuccessfulbuild" wird erstellt, da "AlwaysCreate" angegeben wurde.
ClCompile:
  C:\Program Files (x86)\Microsoft Visual Studio 10.0\VC\bin\CL.exe /c /Zi /nologo /W3 /WX- /O2 /Oi /Oy- /GL /D WIN32 /D NDEBUG /D _CONSOLE /D _UNICODE /D UNICODE /Gm- /EHsc /MT /GS /Gy /fp:precise /Zc:wchar_t /Zc:forScope /Fo"Release\\" /Fd"Release\vc100.pdb" /Gd /TP /analyze- /errorReport:prompt ..\..\Source\main.cpp
  main.cpp
..\..\Source\main.cpp(83): warning C4996: 'strtok': This function or variable may be unsafe. Consider using strtok_s instead. To disable deprecation, use _CRT_SECURE_NO_WARNINGS. See online help for details.
          C:\Program Files (x86)\Microsoft Visual Studio 10.0\VC\include\string.h(197): Siehe Deklaration von 'strtok'
..\..\Source\main.cpp(87): warning C4996: 'strtok': This function or variable may be unsafe. Consider using strtok_s instead. To disable deprecation, use _CRT_SECURE_NO_WARNINGS. See online help for details.
          C:\Program Files (x86)\Microsoft Visual Studio 10.0\VC\include\string.h(197): Siehe Deklaration von 'strtok'
Link:
  C:\Program Files (x86)\Microsoft Visual Studio 10.0\VC\bin\link.exe /ERRORREPORT:PROMPT /OUT:"Z:\sandro\ZHAW\PA2011\C++\VideoPlayer\Build\Windows\Release\VideoPlayer.exe" /INCREMENTAL:NO /NOLOGO kernel32.lib user32.lib gdi32.lib winspool.lib comdlg32.lib advapi32.lib shell32.lib ole32.lib oleaut32.lib uuid.lib odbc32.lib odbccp32.lib WS2_32.lib kernel32.lib user32.lib gdi32.lib winspool.lib comdlg32.lib advapi32.lib shell32.lib ole32.lib oleaut32.lib uuid.lib odbc32.lib odbccp32.lib /MANIFEST /ManifestFile:"Release\VideoPlayer.exe.intermediate.manifest" /MANIFESTUAC:"level='asInvoker' uiAccess='false'" /DEBUG /PDB:"Z:\sandro\ZHAW\PA2011\C++\VideoPlayer\Build\Windows\Release\VideoPlayer.pdb" /SUBSYSTEM:CONSOLE /OPT:REF /OPT:ICF /LTCG /TLBID:1 /DYNAMICBASE /NXCOMPAT /IMPLIB:"Z:\sandro\ZHAW\PA2011\C++\VideoPlayer\Build\Windows\Release\VideoPlayer.lib" /MACHINE:X86 Release\main.obj
  Release\util.obj
  Code wird generiert.
  Codegenerierung ist abgeschlossen.
  VideoPlayer.vcxproj -> Z:\sandro\ZHAW\PA2011\C++\VideoPlayer\Build\Windows\Release\VideoPlayer.exe
Manifest:
  C:\Program Files (x86)\Microsoft SDKs\Windows\v7.0A\bin\mt.exe /nologo /verbose /outputresource:"Z:\sandro\ZHAW\PA2011\C++\VideoPlayer\Build\Windows\Release\VideoPlayer.exe;#1" /manifest Release\VideoPlayer.exe.intermediate.manifest
FinalizeBuildStatus:
  Die Datei "Release\VideoPlayer.unsuccessfulbuild" wird gelöscht.
  Aktualisieren des Timestamps von "Release\VideoPlayer.lastbuildstate".
Die Erstellung des Projekts "Z:\sandro\ZHAW\PA2011\C++\VideoPlayer\Build\Windows\VideoPlayer.vcxproj" ist abgeschlossen, build Ziel(e).

Das Erstellen war erfolgreich.

Verstrichene Zeit 00:00:03.09
