Z:\sandro\ZHAW\PA2011\C++\VideoPlayer\Build\Windows\Debug\cl.command.1.tlog
Z:\sandro\ZHAW\PA2011\C++\VideoPlayer\Build\Windows\Debug\CL.read.1.tlog
Z:\sandro\ZHAW\PA2011\C++\VideoPlayer\Build\Windows\Debug\CL.write.1.tlog
Z:\sandro\ZHAW\PA2011\C++\VideoPlayer\Build\Windows\Debug\link.2344.read.1.tlog
Z:\sandro\ZHAW\PA2011\C++\VideoPlayer\Build\Windows\Debug\link.2344.write.1.tlog
Z:\sandro\ZHAW\PA2011\C++\VideoPlayer\Build\Windows\Debug\link.2344-cvtres.read.1.tlog
Z:\sandro\ZHAW\PA2011\C++\VideoPlayer\Build\Windows\Debug\link.2344-cvtres.write.1.tlog
Z:\sandro\ZHAW\PA2011\C++\VideoPlayer\Build\Windows\Debug\link.4044.read.1.tlog
Z:\sandro\ZHAW\PA2011\C++\VideoPlayer\Build\Windows\Debug\link.4044.write.1.tlog
Z:\sandro\ZHAW\PA2011\C++\VideoPlayer\Build\Windows\Debug\link.4044-cvtres.read.1.tlog
Z:\sandro\ZHAW\PA2011\C++\VideoPlayer\Build\Windows\Debug\link.4044-cvtres.write.1.tlog
Z:\sandro\ZHAW\PA2011\C++\VideoPlayer\Build\Windows\Debug\link.command.1.tlog
Z:\sandro\ZHAW\PA2011\C++\VideoPlayer\Build\Windows\Debug\link.read.1.tlog
Z:\sandro\ZHAW\PA2011\C++\VideoPlayer\Build\Windows\Debug\link.write.1.tlog
Z:\sandro\ZHAW\PA2011\C++\VideoPlayer\Build\Windows\Debug\link-cvtres.read.1.tlog
Z:\sandro\ZHAW\PA2011\C++\VideoPlayer\Build\Windows\Debug\link-cvtres.write.1.tlog
Z:\SANDRO\ZHAW\PA2011\C++\VIDEOPLAYER\BUILD\WINDOWS\DEBUG\MAIN.OBJ
Z:\sandro\ZHAW\PA2011\C++\VideoPlayer\Build\Windows\Debug\mt.command.1.tlog
Z:\sandro\ZHAW\PA2011\C++\VideoPlayer\Build\Windows\Debug\mt.read.1.tlog
Z:\sandro\ZHAW\PA2011\C++\VideoPlayer\Build\Windows\Debug\mt.write.1.tlog
Z:\sandro\ZHAW\PA2011\C++\VideoPlayer\Build\Windows\Debug\rc.command.1.tlog
Z:\sandro\ZHAW\PA2011\C++\VideoPlayer\Build\Windows\Debug\rc.read.1.tlog
Z:\sandro\ZHAW\PA2011\C++\VideoPlayer\Build\Windows\Debug\rc.write.1.tlog
Z:\SANDRO\ZHAW\PA2011\C++\VIDEOPLAYER\BUILD\WINDOWS\DEBUG\UTIL.OBJ
Z:\sandro\ZHAW\PA2011\C++\VideoPlayer\Build\Windows\Debug\vc100.idb
Z:\SANDRO\ZHAW\PA2011\C++\VIDEOPLAYER\BUILD\WINDOWS\DEBUG\VC100.PDB
Z:\sandro\ZHAW\PA2011\C++\VideoPlayer\Build\Windows\Debug\VideoPlayer.exe
Z:\sandro\ZHAW\PA2011\C++\VideoPlayer\Build\Windows\Debug\VideoPlayer.exe.embed.manifest
Z:\sandro\ZHAW\PA2011\C++\VideoPlayer\Build\Windows\Debug\VideoPlayer.exe.embed.manifest.res
Z:\sandro\ZHAW\PA2011\C++\VideoPlayer\Build\Windows\Debug\VideoPlayer.exe.intermediate.manifest
Z:\sandro\ZHAW\PA2011\C++\VideoPlayer\Build\Windows\Debug\VideoPlayer.ilk
Z:\SANDRO\ZHAW\PA2011\C++\VIDEOPLAYER\BUILD\WINDOWS\DEBUG\VIDEOPLAYER.PDB
Z:\sandro\ZHAW\PA2011\C++\VideoPlayer\Build\Windows\Debug\VideoPlayer_manifest.rc
