Der Buildvorgang wurde am 12.10.2011 15:31:05 gestartet.
Projekt "Z:\sandro\ZHAW\PA2011\C++\VideoPlayer\Build\Windows\VideoPlayer.vcxproj" auf Knoten "2", build Ziel(e).
InitializeBuildStatus:
  "Debug\VideoPlayer.unsuccessfulbuild" wird erstellt, da "AlwaysCreate" angegeben wurde.
ClCompile:
  C:\Program Files (x86)\Microsoft Visual Studio 10.0\VC\bin\CL.exe /c /ZI /nologo /W3 /WX- /Od /Oy- /D WIN32 /D _DEBUG /D _CONSOLE /D _UNICODE /D UNICODE /Gm /EHsc /RTC1 /MDd /GS /fp:precise /Zc:wchar_t /Zc:forScope /Fo"Debug\\" /Fd"Debug\vc100.pdb" /Gd /TP /analyze- /errorReport:prompt ..\..\Source\main.cpp ..\..\Source\util.cpp
  util.cpp
z:\sandro\zhaw\pa2011\c++\videoplayer\source\util.cpp(34): warning C4996: 'strcpy': This function or variable may be unsafe. Consider using strcpy_s instead. To disable deprecation, use _CRT_SECURE_NO_WARNINGS. See online help for details.
          c:\program files (x86)\microsoft visual studio 10.0\vc\include\string.h(105): Siehe Deklaration von 'strcpy'
z:\sandro\zhaw\pa2011\c++\videoplayer\source\util.cpp(36): warning C4996: 'strcpy': This function or variable may be unsafe. Consider using strcpy_s instead. To disable deprecation, use _CRT_SECURE_NO_WARNINGS. See online help for details.
          c:\program files (x86)\microsoft visual studio 10.0\vc\include\string.h(105): Siehe Deklaration von 'strcpy'
z:\sandro\zhaw\pa2011\c++\videoplayer\source\util.cpp(37): warning C4996: 'strcpy': This function or variable may be unsafe. Consider using strcpy_s instead. To disable deprecation, use _CRT_SECURE_NO_WARNINGS. See online help for details.
          c:\program files (x86)\microsoft visual studio 10.0\vc\include\string.h(105): Siehe Deklaration von 'strcpy'
z:\sandro\zhaw\pa2011\c++\videoplayer\source\util.cpp(38): warning C4996: 'strcpy': This function or variable may be unsafe. Consider using strcpy_s instead. To disable deprecation, use _CRT_SECURE_NO_WARNINGS. See online help for details.
          c:\program files (x86)\microsoft visual studio 10.0\vc\include\string.h(105): Siehe Deklaration von 'strcpy'
z:\sandro\zhaw\pa2011\c++\videoplayer\source\util.cpp(42): warning C4996: 'sprintf': This function or variable may be unsafe. Consider using sprintf_s instead. To disable deprecation, use _CRT_SECURE_NO_WARNINGS. See online help for details.
          c:\program files (x86)\microsoft visual studio 10.0\vc\include\stdio.h(371): Siehe Deklaration von 'sprintf'
z:\sandro\zhaw\pa2011\c++\videoplayer\source\util.cpp(75): warning C4996: 'sprintf': This function or variable may be unsafe. Consider using sprintf_s instead. To disable deprecation, use _CRT_SECURE_NO_WARNINGS. See online help for details.
          c:\program files (x86)\microsoft visual studio 10.0\vc\include\stdio.h(371): Siehe Deklaration von 'sprintf'
z:\sandro\zhaw\pa2011\c++\videoplayer\source\util.cpp(80): warning C4996: 'sprintf': This function or variable may be unsafe. Consider using sprintf_s instead. To disable deprecation, use _CRT_SECURE_NO_WARNINGS. See online help for details.
          c:\program files (x86)\microsoft visual studio 10.0\vc\include\stdio.h(371): Siehe Deklaration von 'sprintf'
z:\sandro\zhaw\pa2011\c++\videoplayer\source\util.cpp(85): warning C4996: 'sprintf': This function or variable may be unsafe. Consider using sprintf_s instead. To disable deprecation, use _CRT_SECURE_NO_WARNINGS. See online help for details.
          c:\program files (x86)\microsoft visual studio 10.0\vc\include\stdio.h(371): Siehe Deklaration von 'sprintf'
z:\sandro\zhaw\pa2011\c++\videoplayer\source\util.cpp(91): warning C4996: 'sprintf': This function or variable may be unsafe. Consider using sprintf_s instead. To disable deprecation, use _CRT_SECURE_NO_WARNINGS. See online help for details.
          c:\program files (x86)\microsoft visual studio 10.0\vc\include\stdio.h(371): Siehe Deklaration von 'sprintf'
z:\sandro\zhaw\pa2011\c++\videoplayer\source\util.cpp(32): warning C4101: 'hostName': Unreferenzierte lokale Variable
z:\sandro\zhaw\pa2011\c++\videoplayer\source\util.cpp(121): warning C4996: 'sprintf': This function or variable may be unsafe. Consider using sprintf_s instead. To disable deprecation, use _CRT_SECURE_NO_WARNINGS. See online help for details.
          c:\program files (x86)\microsoft visual studio 10.0\vc\include\stdio.h(371): Siehe Deklaration von 'sprintf'
z:\sandro\zhaw\pa2011\c++\videoplayer\source\util.cpp(133): warning C4996: 'sprintf': This function or variable may be unsafe. Consider using sprintf_s instead. To disable deprecation, use _CRT_SECURE_NO_WARNINGS. See online help for details.
          c:\program files (x86)\microsoft visual studio 10.0\vc\include\stdio.h(371): Siehe Deklaration von 'sprintf'
  main.cpp
z:\sandro\zhaw\pa2011\c++\videoplayer\source\main.cpp(83): warning C4996: 'strtok': This function or variable may be unsafe. Consider using strtok_s instead. To disable deprecation, use _CRT_SECURE_NO_WARNINGS. See online help for details.
          c:\program files (x86)\microsoft visual studio 10.0\vc\include\string.h(197): Siehe Deklaration von 'strtok'
z:\sandro\zhaw\pa2011\c++\videoplayer\source\main.cpp(87): warning C4996: 'strtok': This function or variable may be unsafe. Consider using strtok_s instead. To disable deprecation, use _CRT_SECURE_NO_WARNINGS. See online help for details.
          c:\program files (x86)\microsoft visual studio 10.0\vc\include\string.h(197): Siehe Deklaration von 'strtok'
  Code wird generiert...
ManifestResourceCompile:
  C:\Program Files (x86)\Microsoft SDKs\Windows\v7.0A\bin\rc.exe /nologo /fo"Debug\VideoPlayer.exe.embed.manifest.res" Debug\VideoPlayer_manifest.rc 
Link:
  C:\Program Files (x86)\Microsoft Visual Studio 10.0\VC\bin\link.exe /ERRORREPORT:PROMPT /OUT:"Z:\sandro\ZHAW\PA2011\C++\VideoPlayer\Build\Windows\Debug\VideoPlayer.exe" /INCREMENTAL /NOLOGO kernel32.lib user32.lib gdi32.lib winspool.lib comdlg32.lib advapi32.lib shell32.lib ole32.lib oleaut32.lib uuid.lib odbc32.lib odbccp32.lib WS2_32.lib kernel32.lib user32.lib gdi32.lib winspool.lib comdlg32.lib advapi32.lib shell32.lib ole32.lib oleaut32.lib uuid.lib odbc32.lib odbccp32.lib /MANIFEST /ManifestFile:"Debug\VideoPlayer.exe.intermediate.manifest" /MANIFESTUAC:"level='asInvoker' uiAccess='false'" /DEBUG /PDB:"Z:\sandro\ZHAW\PA2011\C++\VideoPlayer\Build\Windows\Debug\VideoPlayer.pdb" /SUBSYSTEM:CONSOLE /TLBID:1 /DYNAMICBASE /NXCOMPAT /IMPLIB:"Z:\sandro\ZHAW\PA2011\C++\VideoPlayer\Build\Windows\Debug\VideoPlayer.lib" /MACHINE:X86 Debug\VideoPlayer.exe.embed.manifest.res
  Debug\main.obj
  Debug\util.obj
Manifest:
  C:\Program Files (x86)\Microsoft SDKs\Windows\v7.0A\bin\mt.exe /nologo /verbose /out:"Debug\VideoPlayer.exe.embed.manifest" /manifest Debug\VideoPlayer.exe.intermediate.manifest
  C:\Program Files (x86)\Microsoft SDKs\Windows\v7.0A\bin\rc.exe /nologo /fo"Debug\VideoPlayer.exe.embed.manifest.res" Debug\VideoPlayer_manifest.rc 
LinkEmbedManifest:
  Alle Ausgaben sind aktuell.
  VideoPlayer.vcxproj -> Z:\sandro\ZHAW\PA2011\C++\VideoPlayer\Build\Windows\Debug\VideoPlayer.exe
FinalizeBuildStatus:
  Die Datei "Debug\VideoPlayer.unsuccessfulbuild" wird gelöscht.
  Aktualisieren des Timestamps von "Debug\VideoPlayer.lastbuildstate".
Die Erstellung des Projekts "Z:\sandro\ZHAW\PA2011\C++\VideoPlayer\Build\Windows\VideoPlayer.vcxproj" ist abgeschlossen, build Ziel(e).

Das Erstellen war erfolgreich.

Verstrichene Zeit 00:00:03.36
